AH00112: Warning: DocumentRoot [/var/www/site] does not exist
AH00558: apache2: Could not reliably determine the server's fully qualified domain name, using 172.18.0.2. Set the 'ServerName' directive globally to suppress this message
[Mon Jun 07 13:05:21.413452 2021] [mpm_prefork:notice] [pid 9] AH00163: Apache/2.4.38 (Debian) PHP/7.4.20 configured -- resuming normal operations
[Mon Jun 07 13:05:21.413535 2021] [core:notice] [pid 9] AH00094: Command line: '/usr/sbin/apache2 -D FOREGROUND'
AH00112: Warning: DocumentRoot [/var/www/site] does not exist
AH00558: apache2: Could not reliably determine the server's fully qualified domain name, using 172.18.0.2. Set the 'ServerName' directive globally to suppress this message
[Mon Jun 07 13:07:12.375968 2021] [mpm_prefork:notice] [pid 11] AH00163: Apache/2.4.38 (Debian) PHP/7.4.20 configured -- resuming normal operations
[Mon Jun 07 13:07:12.376047 2021] [core:notice] [pid 11] AH00094: Command line: '/usr/sbin/apache2 -D FOREGROUND'
AH00112: Warning: DocumentRoot [/var/www/site] does not exist
AH00558: apache2: Could not reliably determine the server's fully qualified domain name, using 172.18.0.2. Set the 'ServerName' directive globally to suppress this message
[Mon Jun 07 13:07:39.357189 2021] [mpm_prefork:notice] [pid 10] AH00163: Apache/2.4.38 (Debian) PHP/7.4.20 configured -- resuming normal operations
[Mon Jun 07 13:07:39.357269 2021] [core:notice] [pid 10] AH00094: Command line: '/usr/sbin/apache2 -D FOREGROUND'
AH00558: apache2: Could not reliably determine the server's fully qualified domain name, using 172.19.0.2. Set the 'ServerName' directive globally to suppress this message
[Mon Jun 07 13:10:04.550510 2021] [mpm_prefork:notice] [pid 1] AH00163: Apache/2.4.38 (Debian) PHP/7.4.20 configured -- resuming normal operations
[Mon Jun 07 13:10:04.550596 2021] [core:notice] [pid 1] AH00094: Command line: 'apache2 -D FOREGROUND'
[Mon Jun 07 13:10:07.118855 2021] [autoindex:error] [pid 17] [client 172.19.0.1:53500] AH01276: Cannot serve directory /var/www/html/: No matching DirectoryIndex (index.php,index.html) found, and server-generated directory index forbidden by Options directive
[Mon Jun 07 13:10:12.840973 2021] [autoindex:error] [pid 18] [client 172.19.0.1:53510] AH01276: Cannot serve directory /var/www/html/: No matching DirectoryIndex (index.php,index.html) found, and server-generated directory index forbidden by Options directive
[Mon Jun 07 13:10:13.412441 2021] [autoindex:error] [pid 18] [client 172.19.0.1:53510] AH01276: Cannot serve directory /var/www/html/: No matching DirectoryIndex (index.php,index.html) found, and server-generated directory index forbidden by Options directive
[Mon Jun 07 13:10:13.590939 2021] [autoindex:error] [pid 18] [client 172.19.0.1:53510] AH01276: Cannot serve directory /var/www/html/: No matching DirectoryIndex (index.php,index.html) found, and server-generated directory index forbidden by Options directive
[Mon Jun 07 13:13:23.230589 2021] [autoindex:error] [pid 19] [client 172.19.0.1:53662] AH01276: Cannot serve directory /var/www/html/: No matching DirectoryIndex (index.php,index.html) found, and server-generated directory index forbidden by Options directive
[Mon Jun 07 13:13:56.719931 2021] [autoindex:error] [pid 20] [client 172.19.0.1:53672] AH01276: Cannot serve directory /var/www/html/: No matching DirectoryIndex (index.php,index.html) found, and server-generated directory index forbidden by Options directive
[Mon Jun 07 13:14:44.938349 2021] [autoindex:error] [pid 21] [client 172.19.0.1:53678] AH01276: Cannot serve directory /var/www/html/: No matching DirectoryIndex (index.php,index.html) found, and server-generated directory index forbidden by Options directive
[Mon Jun 07 13:14:53.670954 2021] [autoindex:error] [pid 22] [client 172.19.0.1:53682] AH01276: Cannot serve directory /var/www/html/: No matching DirectoryIndex (index.php,index.html) found, and server-generated directory index forbidden by Options directive
[Mon Jun 07 13:15:07.290995 2021] [autoindex:error] [pid 17] [client 172.19.0.1:53690] AH01276: Cannot serve directory /var/www/html/: No matching DirectoryIndex (index.php,index.html) found, and server-generated directory index forbidden by Options directive
[Mon Jun 07 13:15:46.283361 2021] [autoindex:error] [pid 18] [client 172.19.0.1:53700] AH01276: Cannot serve directory /var/www/html/: No matching DirectoryIndex (index.php,index.html) found, and server-generated directory index forbidden by Options directive
[Mon Jun 07 13:17:13.556190 2021] [autoindex:error] [pid 19] [client 172.19.0.1:53778] AH01276: Cannot serve directory /var/www/html/: No matching DirectoryIndex (index.php,index.html) found, and server-generated directory index forbidden by Options directive
[Mon Jun 07 13:18:14.529397 2021] [mpm_prefork:notice] [pid 1] AH00170: caught SIGWINCH, shutting down gracefully
AH00558: apache2: Could not reliably determine the server's fully qualified domain name, using 172.20.0.2. Set the 'ServerName' directive globally to suppress this message
[Mon Jun 07 13:18:19.215198 2021] [mpm_prefork:notice] [pid 1] AH00163: Apache/2.4.38 (Debian) PHP/7.4.20 configured -- resuming normal operations
[Mon Jun 07 13:18:19.215269 2021] [core:notice] [pid 1] AH00094: Command line: 'apache2 -D FOREGROUND'
[Mon Jun 07 13:18:24.641637 2021] [autoindex:error] [pid 18] [client 172.20.0.1:59544] AH01276: Cannot serve directory /var/www/html/: No matching DirectoryIndex (index.php,index.html) found, and server-generated directory index forbidden by Options directive
[Mon Jun 07 13:20:44.598526 2021] [mpm_prefork:notice] [pid 1] AH00170: caught SIGWINCH, shutting down gracefully
AH00558: apache2: Could not reliably determine the server's fully qualified domain name, using 172.21.0.3. Set the 'ServerName' directive globally to suppress this message
[Mon Jun 07 13:20:53.798838 2021] [mpm_prefork:notice] [pid 9] AH00163: Apache/2.4.38 (Debian) PHP/7.4.20 configured -- resuming normal operations
[Mon Jun 07 13:20:53.798928 2021] [core:notice] [pid 9] AH00094: Command line: '/usr/sbin/apache2 -D FOREGROUND'
AH00558: apache2: Could not reliably determine the server's fully qualified domain name, using 172.18.0.3. Set the 'ServerName' directive globally to suppress this message
[Tue Jun 08 00:05:21.111402 2021] [core:error] [pid 10] (13)Permission denied: AH00099: could not create /var/run/apache2.pid
[Tue Jun 08 00:05:21.111441 2021] [core:error] [pid 10] AH00100: apache2: could not log pid to file /var/run/apache2.pid
AH00558: apache2: Could not reliably determine the server's fully qualified domain name, using 172.18.0.3. Set the 'ServerName' directive globally to suppress this message
[Tue Jun 08 00:05:22.133826 2021] [core:error] [pid 9] (13)Permission denied: AH00099: could not create /var/run/apache2.pid
[Tue Jun 08 00:05:22.133856 2021] [core:error] [pid 9] AH00100: apache2: could not log pid to file /var/run/apache2.pid
AH00558: apache2: Could not reliably determine the server's fully qualified domain name, using 172.18.0.3. Set the 'ServerName' directive globally to suppress this message
[Tue Jun 08 00:05:23.225833 2021] [core:error] [pid 9] (13)Permission denied: AH00099: could not create /var/run/apache2.pid
[Tue Jun 08 00:05:23.225871 2021] [core:error] [pid 9] AH00100: apache2: could not log pid to file /var/run/apache2.pid
AH00558: apache2: Could not reliably determine the server's fully qualified domain name, using 172.18.0.2. Set the 'ServerName' directive globally to suppress this message
[Tue Jun 08 00:05:24.128739 2021] [core:error] [pid 10] (13)Permission denied: AH00099: could not create /var/run/apache2.pid
[Tue Jun 08 00:05:24.128776 2021] [core:error] [pid 10] AH00100: apache2: could not log pid to file /var/run/apache2.pid
AH00558: apache2: Could not reliably determine the server's fully qualified domain name, using 172.18.0.2. Set the 'ServerName' directive globally to suppress this message
[Tue Jun 08 00:05:25.395286 2021] [core:error] [pid 9] (13)Permission denied: AH00099: could not create /var/run/apache2.pid
[Tue Jun 08 00:05:25.395326 2021] [core:error] [pid 9] AH00100: apache2: could not log pid to file /var/run/apache2.pid
AH00558: apache2: Could not reliably determine the server's fully qualified domain name, using 172.18.0.2. Set the 'ServerName' directive globally to suppress this message
[Tue Jun 08 00:05:27.477632 2021] [core:error] [pid 9] (13)Permission denied: AH00099: could not create /var/run/apache2.pid
[Tue Jun 08 00:05:27.477659 2021] [core:error] [pid 9] AH00100: apache2: could not log pid to file /var/run/apache2.pid
AH00558: apache2: Could not reliably determine the server's fully qualified domain name, using 172.18.0.2. Set the 'ServerName' directive globally to suppress this message
[Tue Jun 08 00:05:31.217954 2021] [core:error] [pid 9] (13)Permission denied: AH00099: could not create /var/run/apache2.pid
[Tue Jun 08 00:05:31.217987 2021] [core:error] [pid 9] AH00100: apache2: could not log pid to file /var/run/apache2.pid
AH00558: apache2: Could not reliably determine the server's fully qualified domain name, using 172.18.0.2. Set the 'ServerName' directive globally to suppress this message
[Tue Jun 08 00:05:38.130906 2021] [core:error] [pid 9] (13)Permission denied: AH00099: could not create /var/run/apache2.pid
[Tue Jun 08 00:05:38.130941 2021] [core:error] [pid 9] AH00100: apache2: could not log pid to file /var/run/apache2.pid
AH00558: apache2: Could not reliably determine the server's fully qualified domain name, using 172.18.0.2. Set the 'ServerName' directive globally to suppress this message
[Tue Jun 08 00:05:51.423920 2021] [core:error] [pid 10] (13)Permission denied: AH00099: could not create /var/run/apache2.pid
[Tue Jun 08 00:05:51.423955 2021] [core:error] [pid 10] AH00100: apache2: could not log pid to file /var/run/apache2.pid
AH00558: apache2: Could not reliably determine the server's fully qualified domain name, using 172.18.0.2. Set the 'ServerName' directive globally to suppress this message
[Tue Jun 08 00:06:17.545395 2021] [core:error] [pid 9] (13)Permission denied: AH00099: could not create /var/run/apache2.pid
[Tue Jun 08 00:06:17.545442 2021] [core:error] [pid 9] AH00100: apache2: could not log pid to file /var/run/apache2.pid
AH00558: apache2: Could not reliably determine the server's fully qualified domain name, using 172.18.0.3. Set the 'ServerName' directive globally to suppress this message
[Tue Jun 08 00:06:46.071154 2021] [core:error] [pid 11] (13)Permission denied: AH00099: could not create /var/run/apache2.pid
[Tue Jun 08 00:06:46.071183 2021] [core:error] [pid 11] AH00100: apache2: could not log pid to file /var/run/apache2.pid
AH00558: apache2: Could not reliably determine the server's fully qualified domain name, using 172.18.0.3. Set the 'ServerName' directive globally to suppress this message
[Tue Jun 08 00:06:47.129741 2021] [core:error] [pid 10] (13)Permission denied: AH00099: could not create /var/run/apache2.pid
[Tue Jun 08 00:06:47.129775 2021] [core:error] [pid 10] AH00100: apache2: could not log pid to file /var/run/apache2.pid
AH00558: apache2: Could not reliably determine the server's fully qualified domain name, using 172.18.0.3. Set the 'ServerName' directive globally to suppress this message
[Tue Jun 08 00:06:48.005477 2021] [core:error] [pid 9] (13)Permission denied: AH00099: could not create /var/run/apache2.pid
[Tue Jun 08 00:06:48.005509 2021] [core:error] [pid 9] AH00100: apache2: could not log pid to file /var/run/apache2.pid
AH00558: apache2: Could not reliably determine the server's fully qualified domain name, using 172.18.0.3. Set the 'ServerName' directive globally to suppress this message
[Tue Jun 08 00:06:49.070398 2021] [core:error] [pid 9] (13)Permission denied: AH00099: could not create /var/run/apache2.pid
[Tue Jun 08 00:06:49.070433 2021] [core:error] [pid 9] AH00100: apache2: could not log pid to file /var/run/apache2.pid
AH00558: apache2: Could not reliably determine the server's fully qualified domain name, using 172.18.0.2. Set the 'ServerName' directive globally to suppress this message
[Tue Jun 08 00:06:50.357372 2021] [core:error] [pid 9] (13)Permission denied: AH00099: could not create /var/run/apache2.pid
[Tue Jun 08 00:06:50.357410 2021] [core:error] [pid 9] AH00100: apache2: could not log pid to file /var/run/apache2.pid
AH00558: apache2: Could not reliably determine the server's fully qualified domain name, using 172.18.0.2. Set the 'ServerName' directive globally to suppress this message
[Tue Jun 08 00:06:52.485341 2021] [core:error] [pid 9] (13)Permission denied: AH00099: could not create /var/run/apache2.pid
[Tue Jun 08 00:06:52.485395 2021] [core:error] [pid 9] AH00100: apache2: could not log pid to file /var/run/apache2.pid
AH00558: apache2: Could not reliably determine the server's fully qualified domain name, using 172.18.0.2. Set the 'ServerName' directive globally to suppress this message
[Tue Jun 08 00:06:56.354294 2021] [core:error] [pid 10] (13)Permission denied: AH00099: could not create /var/run/apache2.pid
[Tue Jun 08 00:06:56.354339 2021] [core:error] [pid 10] AH00100: apache2: could not log pid to file /var/run/apache2.pid
AH00558: apache2: Could not reliably determine the server's fully qualified domain name, using 172.18.0.2. Set the 'ServerName' directive globally to suppress this message
[Tue Jun 08 00:07:03.262498 2021] [core:error] [pid 10] (13)Permission denied: AH00099: could not create /var/run/apache2.pid
[Tue Jun 08 00:07:03.262526 2021] [core:error] [pid 10] AH00100: apache2: could not log pid to file /var/run/apache2.pid
AH00558: apache2: Could not reliably determine the server's fully qualified domain name, using 172.18.0.2. Set the 'ServerName' directive globally to suppress this message
[Tue Jun 08 00:07:06.730671 2021] [core:error] [pid 9] (13)Permission denied: AH00099: could not create /var/run/apache2.pid
[Tue Jun 08 00:07:06.730700 2021] [core:error] [pid 9] AH00100: apache2: could not log pid to file /var/run/apache2.pid
AH00558: apache2: Could not reliably determine the server's fully qualified domain name, using 172.18.0.2. Set the 'ServerName' directive globally to suppress this message
[Tue Jun 08 00:07:07.479700 2021] [core:error] [pid 9] (13)Permission denied: AH00099: could not create /var/run/apache2.pid
[Tue Jun 08 00:07:07.479731 2021] [core:error] [pid 9] AH00100: apache2: could not log pid to file /var/run/apache2.pid
AH00558: apache2: Could not reliably determine the server's fully qualified domain name, using 172.18.0.2. Set the 'ServerName' directive globally to suppress this message
[Tue Jun 08 00:07:08.183312 2021] [core:error] [pid 10] (13)Permission denied: AH00099: could not create /var/run/apache2.pid
[Tue Jun 08 00:07:08.183350 2021] [core:error] [pid 10] AH00100: apache2: could not log pid to file /var/run/apache2.pid
AH00558: apache2: Could not reliably determine the server's fully qualified domain name, using 172.18.0.2. Set the 'ServerName' directive globally to suppress this message
[Tue Jun 08 00:07:09.065385 2021] [core:error] [pid 10] (13)Permission denied: AH00099: could not create /var/run/apache2.pid
[Tue Jun 08 00:07:09.065423 2021] [core:error] [pid 10] AH00100: apache2: could not log pid to file /var/run/apache2.pid
AH00558: apache2: Could not reliably determine the server's fully qualified domain name, using 172.18.0.2. Set the 'ServerName' directive globally to suppress this message
[Tue Jun 08 00:07:10.349033 2021] [core:error] [pid 9] (13)Permission denied: AH00099: could not create /var/run/apache2.pid
[Tue Jun 08 00:07:10.349064 2021] [core:error] [pid 9] AH00100: apache2: could not log pid to file /var/run/apache2.pid
AH00558: apache2: Could not reliably determine the server's fully qualified domain name, using 172.18.0.2. Set the 'ServerName' directive globally to suppress this message
[Tue Jun 08 00:07:12.501540 2021] [core:error] [pid 10] (13)Permission denied: AH00099: could not create /var/run/apache2.pid
[Tue Jun 08 00:07:12.501568 2021] [core:error] [pid 10] AH00100: apache2: could not log pid to file /var/run/apache2.pid
AH00558: apache2: Could not reliably determine the server's fully qualified domain name, using 172.18.0.2. Set the 'ServerName' directive globally to suppress this message
[Tue Jun 08 00:07:16.225274 2021] [core:error] [pid 9] (13)Permission denied: AH00099: could not create /var/run/apache2.pid
[Tue Jun 08 00:07:16.225358 2021] [core:error] [pid 9] AH00100: apache2: could not log pid to file /var/run/apache2.pid
AH00558: apache2: Could not reliably determine the server's fully qualified domain name, using 172.18.0.2. Set the 'ServerName' directive globally to suppress this message
[Tue Jun 08 00:07:23.091251 2021] [core:error] [pid 9] (13)Permission denied: AH00099: could not create /var/run/apache2.pid
[Tue Jun 08 00:07:23.091288 2021] [core:error] [pid 9] AH00100: apache2: could not log pid to file /var/run/apache2.pid
AH00558: apache2: Could not reliably determine the server's fully qualified domain name, using 172.18.0.2. Set the 'ServerName' directive globally to suppress this message
[Tue Jun 08 00:07:26.866276 2021] [core:error] [pid 10] (13)Permission denied: AH00099: could not create /var/run/apache2.pid
[Tue Jun 08 00:07:26.866308 2021] [core:error] [pid 10] AH00100: apache2: could not log pid to file /var/run/apache2.pid
AH00558: apache2: Could not reliably determine the server's fully qualified domain name, using 172.18.0.2. Set the 'ServerName' directive globally to suppress this message
[Tue Jun 08 00:07:27.647048 2021] [core:error] [pid 9] (13)Permission denied: AH00099: could not create /var/run/apache2.pid
[Tue Jun 08 00:07:27.647079 2021] [core:error] [pid 9] AH00100: apache2: could not log pid to file /var/run/apache2.pid
AH00558: apache2: Could not reliably determine the server's fully qualified domain name, using 172.18.0.2. Set the 'ServerName' directive globally to suppress this message
[Tue Jun 08 00:07:28.351276 2021] [core:error] [pid 9] (13)Permission denied: AH00099: could not create /var/run/apache2.pid
[Tue Jun 08 00:07:28.351307 2021] [core:error] [pid 9] AH00100: apache2: could not log pid to file /var/run/apache2.pid
AH00558: apache2: Could not reliably determine the server's fully qualified domain name, using 172.18.0.2. Set the 'ServerName' directive globally to suppress this message
[Tue Jun 08 00:07:29.251211 2021] [core:error] [pid 9] (13)Permission denied: AH00099: could not create /var/run/apache2.pid
[Tue Jun 08 00:07:29.251238 2021] [core:error] [pid 9] AH00100: apache2: could not log pid to file /var/run/apache2.pid
AH00558: apache2: Could not reliably determine the server's fully qualified domain name, using 172.18.0.2. Set the 'ServerName' directive globally to suppress this message
[Tue Jun 08 00:07:30.527708 2021] [core:error] [pid 9] (13)Permission denied: AH00099: could not create /var/run/apache2.pid
[Tue Jun 08 00:07:30.527749 2021] [core:error] [pid 9] AH00100: apache2: could not log pid to file /var/run/apache2.pid
AH00558: apache2: Could not reliably determine the server's fully qualified domain name, using 172.18.0.2. Set the 'ServerName' directive globally to suppress this message
[Tue Jun 08 00:07:32.651557 2021] [core:error] [pid 9] (13)Permission denied: AH00099: could not create /var/run/apache2.pid
[Tue Jun 08 00:07:32.651584 2021] [core:error] [pid 9] AH00100: apache2: could not log pid to file /var/run/apache2.pid
AH00558: apache2: Could not reliably determine the server's fully qualified domain name, using 172.19.0.2. Set the 'ServerName' directive globally to suppress this message
[Tue Jun 08 00:07:42.484651 2021] [core:error] [pid 11] (13)Permission denied: AH00099: could not create /var/run/apache2.pid
[Tue Jun 08 00:07:42.484680 2021] [core:error] [pid 11] AH00100: apache2: could not log pid to file /var/run/apache2.pid
AH00558: apache2: Could not reliably determine the server's fully qualified domain name, using 172.19.0.2. Set the 'ServerName' directive globally to suppress this message
[Tue Jun 08 00:07:43.574473 2021] [core:error] [pid 9] (13)Permission denied: AH00099: could not create /var/run/apache2.pid
[Tue Jun 08 00:07:43.574511 2021] [core:error] [pid 9] AH00100: apache2: could not log pid to file /var/run/apache2.pid
AH00558: apache2: Could not reliably determine the server's fully qualified domain name, using 172.19.0.2. Set the 'ServerName' directive globally to suppress this message
[Tue Jun 08 00:07:44.802615 2021] [core:error] [pid 9] (13)Permission denied: AH00099: could not create /var/run/apache2.pid
[Tue Jun 08 00:07:44.802651 2021] [core:error] [pid 9] AH00100: apache2: could not log pid to file /var/run/apache2.pid
AH00558: apache2: Could not reliably determine the server's fully qualified domain name, using 172.19.0.2. Set the 'ServerName' directive globally to suppress this message
[Tue Jun 08 00:07:45.798163 2021] [core:error] [pid 9] (13)Permission denied: AH00099: could not create /var/run/apache2.pid
[Tue Jun 08 00:07:45.798202 2021] [core:error] [pid 9] AH00100: apache2: could not log pid to file /var/run/apache2.pid
AH00558: apache2: Could not reliably determine the server's fully qualified domain name, using 172.19.0.2. Set the 'ServerName' directive globally to suppress this message
[Tue Jun 08 00:07:47.101866 2021] [core:error] [pid 9] (13)Permission denied: AH00099: could not create /var/run/apache2.pid
[Tue Jun 08 00:07:47.101905 2021] [core:error] [pid 9] AH00100: apache2: could not log pid to file /var/run/apache2.pid
AH00558: apache2: Could not reliably determine the server's fully qualified domain name, using 172.19.0.2. Set the 'ServerName' directive globally to suppress this message
[Tue Jun 08 00:07:49.244593 2021] [core:error] [pid 9] (13)Permission denied: AH00099: could not create /var/run/apache2.pid
[Tue Jun 08 00:07:49.244646 2021] [core:error] [pid 9] AH00100: apache2: could not log pid to file /var/run/apache2.pid
AH00558: apache2: Could not reliably determine the server's fully qualified domain name, using 172.19.0.2. Set the 'ServerName' directive globally to suppress this message
[Tue Jun 08 00:07:53.064714 2021] [core:error] [pid 9] (13)Permission denied: AH00099: could not create /var/run/apache2.pid
[Tue Jun 08 00:07:53.064753 2021] [core:error] [pid 9] AH00100: apache2: could not log pid to file /var/run/apache2.pid
AH00558: apache2: Could not reliably determine the server's fully qualified domain name, using 172.19.0.2. Set the 'ServerName' directive globally to suppress this message
[Tue Jun 08 00:07:59.969756 2021] [core:error] [pid 9] (13)Permission denied: AH00099: could not create /var/run/apache2.pid
[Tue Jun 08 00:07:59.969790 2021] [core:error] [pid 9] AH00100: apache2: could not log pid to file /var/run/apache2.pid
AH00558: apache2: Could not reliably determine the server's fully qualified domain name, using 172.19.0.2. Set the 'ServerName' directive globally to suppress this message
[Tue Jun 08 00:08:13.252555 2021] [core:error] [pid 10] (13)Permission denied: AH00099: could not create /var/run/apache2.pid
[Tue Jun 08 00:08:13.252590 2021] [core:error] [pid 10] AH00100: apache2: could not log pid to file /var/run/apache2.pid
